  Phase1.cpp
D:\Taher\MSA\Semester 2\Cs 102\Project\Phase1\Phase1\Phase1.cpp(77,25): warning C4309: '=': truncation of constant value
D:\Taher\MSA\Semester 2\Cs 102\Project\Phase1\Phase1\Phase1.cpp(78,25): warning C4309: '=': truncation of constant value
D:\Taher\MSA\Semester 2\Cs 102\Project\Phase1\Phase1\Phase1.cpp(79,25): warning C4309: '=': truncation of constant value
D:\Taher\MSA\Semester 2\Cs 102\Project\Phase1\Phase1\Phase1.cpp(80,25): warning C4309: '=': truncation of constant value
D:\Taher\MSA\Semester 2\Cs 102\Project\Phase1\Phase1\Phase1.cpp(85,30): warning C4309: '=': truncation of constant value
D:\Taher\MSA\Semester 2\Cs 102\Project\Phase1\Phase1\Phase1.cpp(86,30): warning C4309: '=': truncation of constant value
D:\Taher\MSA\Semester 2\Cs 102\Project\Phase1\Phase1\Phase1.cpp(87,30): warning C4309: '=': truncation of constant value
D:\Taher\MSA\Semester 2\Cs 102\Project\Phase1\Phase1\Phase1.cpp(88,30): warning C4309: '=': truncation of constant value
D:\Taher\MSA\Semester 2\Cs 102\Project\Phase1\Phase1\Phase1.cpp(95,30): warning C4309: '=': truncation of constant value
D:\Taher\MSA\Semester 2\Cs 102\Project\Phase1\Phase1\Phase1.cpp(102,32): warning C4309: '=': truncation of constant value
D:\Taher\MSA\Semester 2\Cs 102\Project\Phase1\Phase1\Phase1.cpp(110,32): warning C4309: '=': truncation of constant value
D:\Taher\MSA\Semester 2\Cs 102\Project\Phase1\Phase1\Phase1.cpp(118,32): warning C4309: '=': truncation of constant value
D:\Taher\MSA\Semester 2\Cs 102\Project\Phase1\Phase1\Phase1.cpp(134,37): warning C4309: '=': truncation of constant value
D:\Taher\MSA\Semester 2\Cs 102\Project\Phase1\Phase1\Phase1.cpp(135,42): warning C4309: '=': truncation of constant value
D:\Taher\MSA\Semester 2\Cs 102\Project\Phase1\Phase1\Phase1.cpp(139,32): warning C4309: '=': truncation of constant value
D:\Taher\MSA\Semester 2\Cs 102\Project\Phase1\Phase1\Phase1.cpp(142,37): warning C4309: '=': truncation of constant value
D:\Taher\MSA\Semester 2\Cs 102\Project\Phase1\Phase1\Phase1.cpp(145,19): warning C4309: '=': truncation of constant value
D:\Taher\MSA\Semester 2\Cs 102\Project\Phase1\Phase1\Phase1.cpp(146,19): warning C4309: '=': truncation of constant value
D:\Taher\MSA\Semester 2\Cs 102\Project\Phase1\Phase1\Phase1.cpp(151,28): warning C4309: '=': truncation of constant value
D:\Taher\MSA\Semester 2\Cs 102\Project\Phase1\Phase1\Phase1.cpp(302,33): warning C4309: '=': truncation of constant value
D:\Taher\MSA\Semester 2\Cs 102\Project\Phase1\Phase1\Phase1.cpp(307,33): warning C4309: '=': truncation of constant value
D:\Taher\MSA\Semester 2\Cs 102\Project\Phase1\Phase1\Phase1.cpp(310,38): warning C4309: '=': truncation of constant value
D:\Taher\MSA\Semester 2\Cs 102\Project\Phase1\Phase1\Phase1.cpp(314,33): warning C4309: '=': truncation of constant value
D:\Taher\MSA\Semester 2\Cs 102\Project\Phase1\Phase1\Phase1.cpp(318,39): warning C4309: '=': truncation of constant value
D:\Taher\MSA\Semester 2\Cs 102\Project\Phase1\Phase1\Phase1.cpp(322,20): warning C4309: '=': truncation of constant value
D:\Taher\MSA\Semester 2\Cs 102\Project\Phase1\Phase1\Phase1.cpp(601,33): warning C4309: '=': truncation of constant value
D:\Taher\MSA\Semester 2\Cs 102\Project\Phase1\Phase1\Phase1.cpp(605,32): warning C4309: '=': truncation of constant value
D:\Taher\MSA\Semester 2\Cs 102\Project\Phase1\Phase1\Phase1.cpp(607,37): warning C4309: '=': truncation of constant value
D:\Taher\MSA\Semester 2\Cs 102\Project\Phase1\Phase1\Phase1.cpp(615,34): warning C4309: '=': truncation of constant value
D:\Taher\MSA\Semester 2\Cs 102\Project\Phase1\Phase1\Phase1.cpp(617,39): warning C4309: '=': truncation of constant value
D:\Taher\MSA\Semester 2\Cs 102\Project\Phase1\Phase1\Phase1.cpp(1048,6): warning C4101: 'pos1': unreferenced local variable
D:\Taher\MSA\Semester 2\Cs 102\Project\Phase1\Phase1\Phase1.cpp(3356,13): warning C4326: return type of 'main' should be 'int' instead of 'void'
  Phase1.vcxproj -> D:\Taher\MSA\Semester 2\Cs 102\Project\Phase1\x64\Debug\Phase1.exe
